Arguments: 
  /Users/skey/.nvm/versions/node/v15.2.1/bin/node /Users/skey/.nvm/versions/node/v15.2.1/bin/yarn add koa koa-apollo-graphql

PATH: 
  /usr/local/opt/openjdk@11/bin:/Users/skey/.nvm/versions/node/v15.2.1/bin:/usr/local/bin:/usr/bin:/bin:/usr/sbin:/sbin:/Library/Apple/usr/bin:/Applications/Postgres.app/Contents/Versions/latest/bin:/usr/local/opt/openjdk@11/bin:/Users/skey/.asdf/shims:/usr/local/opt/asdf/bin:/Users/skey/.asdf/bin:/Users/skey/.nvm/versions/node/v15.2.1/bin:/Users/skey/Library/Android/sdk/emulator:/Users/skey/Library/Android/sdk/tools:/Users/skey/Library/Android/sdk/tools/bin:/Users/skey/Library/Android/sdk/platform-tools:/Users/skey/Library/Android/sdk/emulator:/Users/skey/Library/Android/sdk/tools:/Users/skey/Library/Android/sdk/tools/bin:/Users/skey/Library/Android/sdk/platform-tools

Yarn version: 
  1.22.10

Node version: 
  15.2.1

Platform: 
  darwin x64

Trace: 
  Error: https://registry.npmjs.com/koa-apollo-graphql: Not found
      at Request.params.callback [as _callback] (/Users/skey/.nvm/versions/node/v15.2.1/lib/node_modules/yarn/lib/cli.js:66988:18)
      at Request.self.callback (/Users/skey/.nvm/versions/node/v15.2.1/lib/node_modules/yarn/lib/cli.js:140662:22)
      at Request.emit (node:events:329:20)
      at Request.<anonymous> (/Users/skey/.nvm/versions/node/v15.2.1/lib/node_modules/yarn/lib/cli.js:141634:10)
      at Request.emit (node:events:329:20)
      at IncomingMessage.<anonymous> (/Users/skey/.nvm/versions/node/v15.2.1/lib/node_modules/yarn/lib/cli.js:141556:12)
      at Object.onceWrapper (node:events:435:28)
      at IncomingMessage.emit (node:events:341:22)
      at endReadableNT (node:internal/streams/readable:1294:12)
      at processTicksAndRejections (node:internal/process/task_queues:80:21)

npm manifest: 
  No manifest

yarn manifest: 
  No manifest

Lockfile: 
  No lockfile
